<?xml version="1.0" encoding="UTF-8"?>
<!-- Generated by org.testng.reporters.JUnitReportReporter -->
<testsuite skipped="0" hostname="PC-AHS" name="UserAutomation" tests="1" failures="0" timestamp="28 Mar 2019 21:29:08 GMT" time="50.030" errors="0">
  <testcase name="setUp" time="50.030" classname="UserAutomation"/>
</testsuite> <!-- UserAutomation -->
